<?xml version="1.0" encoding="UTF-8"?>
<!-- Generated by org.testng.reporters.JUnitXMLReporter -->
<testsuite hostname="Igor-PC" name="Default test" tests="5" failures="0" timestamp="26 Jul 2015 06:57:50 GMT" time="355.994" errors="0">
  <testcase name="HomePageBooking" time="24.264" classname="com.booking.exam.BaseExamTest"/>
  <testcase name="FindAndVerifyMontenegro" time="41.261" classname="com.booking.exam.BaseExamTest"/>
  <testcase name="CheckWifiAndFreeParking" time="46.711" classname="com.booking.exam.BaseExamTest"/>
  <testcase name="DiscoverNewDestination" time="41.394" classname="com.booking.exam.BaseExamTest"/>
  <testcase name="CheckIsTheSameAsNumberExelAndPage" time="4.447" classname="com.booking.exam.BaseExamTest"/>
</testsuite> <!-- Default test -->
