<?xml version="1.0" encoding="UTF-8"?>
<testng-results skipped="0" failed="0" total="1" passed="1">
  <reporter-output>
  </reporter-output>
  <suite name="Default suite" duration-ms="106717" started-at="2015-07-24T16:47:31Z" finished-at="2015-07-24T16:49:17Z">
    <groups>
    </groups>
    <test name="Default test" duration-ms="106717" started-at="2015-07-24T16:47:31Z" finished-at="2015-07-24T16:49:17Z">
      <class name="com.booking.exam.BaseExamTest">
        <test-method status="PASS" signature="setUp()[pri:0, instance:com.booking.exam.BaseExamTest@ce8af7]" name="setUp" is-config="true" duration-ms="50383" started-at="2015-07-24T19:47:31Z" finished-at="2015-07-24T19:48:21Z">
          <reporter-output>
          </reporter-output>
        </test-method> <!-- setUp -->
        <test-method status="PASS" signature="DiscoverNewDestination()[pri:0, instance:com.booking.exam.BaseExamTest@ce8af7]" name="DiscoverNewDestination" duration-ms="50965" started-at="2015-07-24T19:48:21Z" finished-at="2015-07-24T19:49:12Z">
          <reporter-output>
          </reporter-output>
        </test-method> <!-- DiscoverNewDestination -->
        <test-method status="PASS" signature="tearDown()[pri:0, instance:com.booking.exam.BaseExamTest@ce8af7]" name="tearDown" is-config="true" duration-ms="5270" started-at="2015-07-24T19:49:12Z" finished-at="2015-07-24T19:49:17Z">
          <reporter-output>
          </reporter-output>
        </test-method> <!-- tearDown -->
      </class> <!-- com.booking.exam.BaseExamTest -->
    </test> <!-- Default test -->
  </suite> <!-- Default suite -->
</testng-results>
